<?xml version="1.0" encoding="UTF-8"?>
<!-- Generated by org.testng.reporters.JUnitReportReporter -->
<testsuite hostname="DESKTOP-1QL8QRP" name="Com.CrossoverTech.BusinessScripts.CrossoverTechEditPostTestcases" tests="1" failures="0" timestamp="31 Aug 2017 11:29:16 GMT" time="21.714" errors="0">
  <testcase name="EditPostscriptExecution" time="21.714" classname="Com.CrossoverTech.BusinessScripts.CrossoverTechEditPostTestcases"/>
</testsuite> <!-- Com.CrossoverTech.BusinessScripts.CrossoverTechEditPostTestcases -->
